[NotebookApp | WARNING] No nbgrader_config.py file found (rerun with --debug to see where nbgrader is looking)
[NotebookApp | INFO] Loading the validate_assignment nbgrader serverextension
[NotebookApp | INFO] Serving notebooks from local directory: /Users/allat/Documents/github/PyProg-2018/10-09
[NotebookApp | INFO] 0 active kernels
[NotebookApp | INFO] The Jupyter Notebook is running at:
[NotebookApp | INFO] http://localhost:8889/?token=1077199d1746dd471102b5816dbbc5867b210366e58782ce
[NotebookApp | INFO] Use Control-C to stop this server and shut down all kernels (twice to skip confirmation).
[NotebookApp | CRITICAL] 
    
    Copy/paste this URL into your browser when you connect for the first time,
    to login with a token:
        http://localhost:8889/?token=1077199d1746dd471102b5816dbbc5867b210366e58782ce&token=1077199d1746dd471102b5816dbbc5867b210366e58782ce
[NotebookApp | INFO] Accepting one-time-token-authenticated connection from ::1
[NotebookApp | INFO] Kernel started: 703444ce-0ef0-4ba3-b37b-63c8ff651a09
[NotebookApp | INFO] Adapting to protocol v5.1 for kernel 703444ce-0ef0-4ba3-b37b-63c8ff651a09
[NotebookApp | INFO] Saving file at /practice1.ipynb
[NotebookApp | INFO] Saving file at /practice1.ipynb
[NotebookApp | INFO] Starting buffering for 703444ce-0ef0-4ba3-b37b-63c8ff651a09:656efdcffae94f2088a756d753f2ba9a
[NotebookApp | INFO] Uploading file to /Александра Бурзаева - Burzaeva.ipynb
[NotebookApp | WARNING] 404 GET /notebooks/1684184.jpg (::1): No such file or directory: 1684184.jpg
[NotebookApp | WARNING] 404 GET /notebooks/1684184.jpg (::1) 17.06ms referer=http://localhost:8889/notebooks/%D0%90%D0%BB%D0%B5%D0%BA%D1%81%D0%B0%D0%BD%D0%B4%D1%80%D0%B0%20%D0%91%D1%83%D1%80%D0%B7%D0%B0%D0%B5%D0%B2%D0%B0%20-%20Burzaeva.ipynb
[NotebookApp | INFO] Kernel started: 57c5f8ea-b1fa-480f-82b0-f2fab48007cc
[NotebookApp | INFO] Adapting to protocol v5.1 for kernel 57c5f8ea-b1fa-480f-82b0-f2fab48007cc
[NotebookApp | INFO] Starting buffering for 57c5f8ea-b1fa-480f-82b0-f2fab48007cc:937af98d85064b56889ff86c1f1a1c95
